<?xml version="1.0" encoding="UTF-8"?>
<!-- Generated by org.testng.reporters.JUnitXMLReporter -->
<testsuite ignored="8" hostname="LAPTOP-ME59NCKV" failures="1" tests="5" name="Test" time="105.315" errors="0" timestamp="2025-02-10T11:24:52 IST">
  <testcase classname="contactTest.ToCreateContactWithChildTest" name="toCreateContactChild_005" time="15.775"/>
  <testcase classname="organizationTest.ToOrganizationDropDown2Test" name="toCreateOrganizationDropDown2" time="12.681"/>
  <testcase classname="contactTest.ToCreateContactTest" name="toCreateContact_001" time="12.248">
    <failure type="java.lang.AssertionError" message="null">
      <![CDATA[java.lang.AssertionError: null
at contactTest.ToCreateContactTest.toCreateContact_001(ToCreateContactTest.java:33)
at java.base/java.util.ArrayList.forEach(ArrayList.java:1597)
... Removed 27 stack frames]]>
    </failure>
  </testcase> <!-- toCreateContact_001 -->
  <testcase classname="organizationTest.ToOrganizationTest" name="toCreateOrganization_002" time="12.76"/>
  <testcase classname="organizationTest.ToOrganizationDropDownTest" name="ToCreateOrganizationDropDown" time="12.773"/>
  <testcase classname="genericUtlity.BaseClass" name="@AfterSuite asConfig" time="0.0">
    <ignored/>
  </testcase> <!-- @AfterSuite asConfig -->
  <testcase classname="genericUtlity.BaseClass" name="@AfterSuite asConfig" time="0.0">
    <ignored/>
  </testcase> <!-- @AfterSuite asConfig -->
  <testcase classname="genericUtlity.BaseClass" name="@AfterSuite asConfig" time="0.0">
    <ignored/>
  </testcase> <!-- @AfterSuite asConfig -->
  <testcase classname="genericUtlity.BaseClass" name="@AfterSuite asConfig" time="0.0">
    <ignored/>
  </testcase> <!-- @AfterSuite asConfig -->
  <testcase classname="genericUtlity.BaseClass" name="@BeforeSuite bsConfig" time="0.0">
    <ignored/>
  </testcase> <!-- @BeforeSuite bsConfig -->
  <testcase classname="genericUtlity.BaseClass" name="@BeforeSuite bsConfig" time="0.0">
    <ignored/>
  </testcase> <!-- @BeforeSuite bsConfig -->
  <testcase classname="genericUtlity.BaseClass" name="@BeforeSuite bsConfig" time="0.0">
    <ignored/>
  </testcase> <!-- @BeforeSuite bsConfig -->
  <testcase classname="genericUtlity.BaseClass" name="@BeforeSuite bsConfig" time="0.0">
    <ignored/>
  </testcase> <!-- @BeforeSuite bsConfig -->
</testsuite> <!-- Test -->
